[20-06-2026]
Evidence Added: 101

[21-06-2026]
Evidence Transferred: 101

[20-06-2026]
User Login: admin

[20-06-2026]
User Login: admin

[20-06-2026]
User Logout: admin

[20-06-2026]
User Login: officer1

[20-06-2026]
User Login: officer1

[20-06-2026]
Evidence Added: 103

[20-06-2026]
All Evidence Viewed By: officer1

[20-06-2026]
Evidence Searched: 103

[20-06-2026]
Evidence Searched: 101

[20-06-2026]
Evidence Transferred: 103

[20-06-2026]
Evidence History Viewed: 103

[20-06-2026]
Evidence History Viewed: 101

[20-06-2026]
Integrity Verified: 103

[20-06-2026]
User Login: officer1

[20-06-2026]
User Login: officer1

[20-06-2026]
User Logout: officer1

[20-06-2026]
User Login: admin

[20-06-2026]
User Login: admin

[20-06-2026]
Evidence Added: 104

